<?xml version="1.0" encoding="UTF-8"?>
<!-- Generated by org.testng.reporters.JUnitXMLReporter -->
<testsuite ignored="1" hostname="IND-MAC-6XMD6M.local" failures="0" tests="1" name="Default test" time="0.044" errors="0" timestamp="2022-11-01T16:09:22 IST">
  <testcase classname="com.org.testvagrant.RCBTest.AppTest" name="foreignPlayersTest" time="0.015"/>
  <testcase classname="com.org.testvagrant.RCBTest.AppTest" name="wicketKeeperTest" time="0.0">
    <ignored/>
  </testcase> <!-- wicketKeeperTest -->
</testsuite> <!-- Default test -->
