<?xml version="1.0" encoding="UTF-8"?>
<testng-results ignored="1" total="2" passed="1" failed="0" skipped="0">
  <reporter-output>
  </reporter-output>
  <suite started-at="2022-11-01T16:09:22 IST" name="Default suite" finished-at="2022-11-01T16:09:22 IST" duration-ms="44">
    <groups>
    </groups>
    <test started-at="2022-11-01T16:09:22 IST" name="Default test" finished-at="2022-11-01T16:09:22 IST" duration-ms="44">
      <class name="com.org.testvagrant.RCBTest.AppTest">
        <test-method signature="foreignPlayersTest()[pri:0, instance:com.org.testvagrant.RCBTest.AppTest@3f56875e]" started-at="2022-11-01T16:09:22 IST" name="foreignPlayersTest" finished-at="2022-11-01T16:09:22 IST" duration-ms="15" status="PASS">
          <reporter-output>
          </reporter-output>
        </test-method> <!-- foreignPlayersTest -->
      </class> <!-- com.org.testvagrant.RCBTest.AppTest -->
    </test> <!-- Default test -->
  </suite> <!-- Default suite -->
</testng-results>
