<?xml version="1.0" encoding="UTF-8"?>
<testng-results ignored="0" total="2" passed="2" failed="0" skipped="0">
  <reporter-output>
  </reporter-output>
  <suite started-at="2022-11-05T14:53:32 IST" name="Default suite" finished-at="2022-11-05T14:53:32 IST" duration-ms="39">
    <groups>
    </groups>
    <test started-at="2022-11-05T14:53:32 IST" name="Default test" finished-at="2022-11-05T14:53:32 IST" duration-ms="39">
      <class name="tests.RcbTest">
        <test-method signature="foreignPlayersTest()[pri:0, instance:tests.RcbTest@3f56875e]" started-at="2022-11-05T14:53:32 IST" name="foreignPlayersTest" finished-at="2022-11-05T14:53:32 IST" duration-ms="12" status="PASS">
          <reporter-output>
          </reporter-output>
        </test-method> <!-- foreignPlayersTest -->
        <test-method signature="wicketKeeperTest()[pri:0, instance:tests.RcbTest@3f56875e]" started-at="2022-11-05T14:53:32 IST" name="wicketKeeperTest" finished-at="2022-11-05T14:53:32 IST" duration-ms="1" status="PASS">
          <reporter-output>
          </reporter-output>
        </test-method> <!-- wicketKeeperTest -->
      </class> <!-- tests.RcbTest -->
    </test> <!-- Default test -->
  </suite> <!-- Default suite -->
</testng-results>
